<?xml version="1.0" encoding="UTF-8"?>
<!-- Generated by org.testng.reporters.JUnitReportReporter -->
<testsuite hostname="DESKTOP-2T9SIIM" failures="0" tests="2" name="test.com.CalculatorTest" time="0.007" errors="0" timestamp="29 Apr 2023 17:02:38 GMT">
  <testcase classname="test.com.CalculatorTest" name="testAdd" time="0.006"/>
  <testcase classname="test.com.CalculatorTest" name="testMultiply" time="0.001"/>
</testsuite> <!-- test.com.CalculatorTest -->
