<?xml version="1.0" encoding="UTF-8"?>
<!-- Generated by org.testng.reporters.JUnitReportReporter -->
<testsuite hostname="DESKTOP-2T9SIIM" failures="0" tests="4" name="test.com.CalculatorTest" time="0.006" errors="0" timestamp="4 May 2023 14:31:29 GMT">
  <testcase classname="test.com.CalculatorTest" name="testMultiply" time="0.001"/>
  <testcase classname="test.com.CalculatorTest" name="testDivide" time="0.002"/>
  <testcase classname="test.com.CalculatorTest" name="testSub" time="0.000"/>
  <testcase classname="test.com.CalculatorTest" name="testAdd" time="0.003"/>
</testsuite> <!-- test.com.CalculatorTest -->
